INFO: -N -a -A -D xenial -P -B -T xenial barbican_2.0.0-0ubuntu1.dsc
Using the following defaults:
name: Ubuntu Archive
email: archive@ubuntu.com
Checking: barbican_2.0.0-0ubuntu1.dsc
Mode: archive

Retrieving madison output:      pass
Distribution:                   pass
Pocket:                         pass
Maintainer:                     SKIP (archive)
Changed-By:                     SKIP (archive)
Source has orig.tar.gz:         pass
Recent date:                    SKIP (archive)
Output of diffstat:             SKIP (could not find debdiff or diff.*)
Vcs files in diffstat:          No such file or directory
pass
Vcs files in patch files:       SKIP: could not find 'barbican_2.0.0-0ubuntu1.debdiff'
Version:                        SKIP (initial release?)
Newest version:                 FAIL
 Current: 1:2.0.0-0ubuntu1
 Found:   1:2.0.0-0ubuntu1
Diff chaff:                     pass
Merged changelog:               pass
Changelog autocloses LP bugs:   pass
Patch system:                   SKIP: (diff not specified)
Patch tagging:                  SKIP: (diff not specified)
Check bashisms in 'debian':     pass
Reverse Debdiff:                SKIP: could not find 'barbican_2.0.0-0ubuntu1.debdiff'
Bad files:                      pass
Vcs files in source:            pass
Ubuntu archive:
  barbican | 1:2.0.0-0ubuntu1   | xenial/universe       | source
Debian archive:
  barbican | 1:2.0.0~b3-1     | experimental     | source

Has debian/watch:               pass
Output of lintian:              
 W: barbican source: newer-standards-version 3.9.6 (current is 3.9.5)

Output of licensecheck:         
 Unique licenses:
  Apache (v2.0)
  Apache (v2.0) GENERATED FILE

 Full output:
  api-guide/source/conf.py: Apache (v2.0)
  barbican/queue/client.py: Apache (v2.0)
  barbican/queue/__init__.py: Apache (v2.0)
  barbican/queue/server.py: Apache (v2.0)
  barbican/queue/keystone_listener.py: Apache (v2.0)
  barbican/queue/retry_scheduler.py: Apache (v2.0)
  barbican/tests/queue/test_client.py: Apache (v2.0)
  barbican/tests/queue/test_server.py: Apache (v2.0)
  barbican/tests/queue/test_keystone_listener.py: Apache (v2.0)
  barbican/tests/cmd/test_barbican_manage.py: Apache (v2.0)
  barbican/tests/cmd/test_db_cleanup.py: Apache (v2.0)
  barbican/tests/cmd/test_cmd.py: Apache (v2.0)
  barbican/tests/model/repositories/test_repositories_quotas.py: Apache (v2.0)
  barbican/tests/model/repositories/test_repositories_order_retry_tasks.py: Apache (v2.0)
  barbican/tests/model/test_models.py: Apache (v2.0)
  barbican/tests/tasks/test_certificate_resources.py: Apache (v2.0)
  barbican/tests/tasks/test_keystone_consumer.py: Apache (v2.0)
  barbican/tests/tasks/test_common.py: Apache (v2.0)
  barbican/tests/tasks/test_resources.py: Apache (v2.0)
  barbican/tests/plugin/test_resource.py: Apache (v2.0)
  barbican/tests/plugin/test_store_crypto.py: Apache (v2.0)
  barbican/tests/plugin/crypto/test_p11_crypto.py: Apache (v2.0)
  barbican/tests/plugin/crypto/test_crypto.py: Apache (v2.0)
  barbican/tests/plugin/test_snakeoil_ca.py: Apache (v2.0)
  barbican/tests/plugin/test_dogtag.py: Apache (v2.0)
  barbican/tests/plugin/test_symantec.py: Apache (v2.0)
  barbican/tests/plugin/interface/test_secret_store.py: Apache (v2.0)
  barbican/tests/plugin/test_kmip.py: Apache (v2.0)
  barbican/tests/plugin/util/test_mime_types.py: Apache (v2.0)
  barbican/tests/plugin/util/test_utils.py: Apache (v2.0)
  barbican/tests/plugin/util/test_translations.py: Apache (v2.0)
  barbican/tests/utils.py: Apache (v2.0)
  barbican/tests/common/test_validators.py: Apache (v2.0)
  barbican/tests/common/test_utils.py: Apache (v2.0)
  barbican/tests/common/test_hrefs.py: Apache (v2.0)
  barbican/tests/common/test_quota.py: Apache (v2.0)
  barbican/tests/keys.py: Apache (v2.0)
  barbican/tests/api/test_resources_policy.py: Apache (v2.0)
  barbican/tests/api/middleware/test_context.py: Apache (v2.0)
  barbican/tests/api/test_transport_keys_resource.py: Apache (v2.0)
  barbican/tests/api/controllers/test_secretmeta.py: Apache (v2.0)
  barbican/tests/api/controllers/test_acls.py: Apache (v2.0)
  barbican/tests/api/controllers/test_versions.py: Apache (v2.0)
  barbican/tests/api/controllers/test_cas.py: Apache (v2.0)
  barbican/tests/api/controllers/test_secrets.py: Apache (v2.0)
  barbican/tests/api/controllers/test_quotas.py: Apache (v2.0)
  barbican/tests/api/controllers/test_orders.py: Apache (v2.0)
  barbican/tests/api/controllers/test_containers.py: Apache (v2.0)
  barbican/tests/api/test_resources.py: Apache (v2.0)
  barbican/tests/certificate_utils.py: Apache (v2.0)
  barbican/i18n.py: Apache (v2.0)
  barbican/context.py: Apache (v2.0)
  barbican/cmd/worker.py: Apache (v2.0)
  barbican/cmd/barbican_manage.py: Apache (v2.0)
  barbican/cmd/db_manage.py: Apache (v2.0)
  barbican/cmd/__init__.py: Apache (v2.0)
  barbican/cmd/keystone_listener.py: Apache (v2.0)
  barbican/cmd/retry_scheduler.py: Apache (v2.0)
  barbican/model/clean.py: Apache (v2.0)
  barbican/model/models.py: Apache (v2.0)
  barbican/model/__init__.py: Apache (v2.0)
  barbican/model/repositories.py: Apache (v2.0)
  barbican/model/migration/commands.py: Apache (v2.0)
  barbican/model/migration/alembic_migrations/order_ops.py: Apache (v2.0)
  barbican/model/migration/alembic_migrations/env.py: Apache (v2.0) GENERATED FILE
  barbican/model/migration/alembic_migrations/kek_init_ops.py: Apache (v2.0)
  barbican/model/migration/alembic_migrations/projects_init_ops.py: Apache (v2.0)
  barbican/model/migration/alembic_migrations/transport_keys_init_ops.py: Apache (v2.0)
  barbican/model/migration/alembic_migrations/versions/kilo_release.py: Apache (v2.0)
  barbican/model/migration/alembic_migrations/versions/13d127569afa_create_secret_store_metadata_table.py: Apache (v2.0)
  barbican/model/migration/alembic_migrations/versions/dce488646127_add_secret_user_metadata.py: Apache (v2.0)
  barbican/model/migration/alembic_migrations/versions/juno_initial.py: Apache (v2.0)
  barbican/model/migration/alembic_migrations/encrypted_init_ops.py: Apache (v2.0)
  barbican/model/migration/alembic_migrations/container_init_ops.py: Apache (v2.0)
  barbican/model/migration/alembic_migrations/secrets_init_ops.py: Apache (v2.0)
  barbican/tasks/certificate_resources.py: Apache (v2.0)
  barbican/tasks/resources.py: Apache (v2.0)
  barbican/tasks/__init__.py: Apache (v2.0)
  barbican/tasks/common.py: Apache (v2.0)
  barbican/tasks/keystone_consumer.py: Apache (v2.0)
  barbican/plugin/symantec.py: Apache (v2.0)
  barbican/plugin/kmip_secret_store.py: Apache (v2.0)
  barbican/plugin/snakeoil_ca.py: Apache (v2.0)
  barbican/plugin/interface/certificate_manager.py: Apache (v2.0)
  barbican/plugin/interface/secret_store.py: Apache (v2.0)
  barbican/plugin/dogtag.py: Apache (v2.0)
  barbican/plugin/util/mime_types.py: Apache (v2.0)
  barbican/plugin/util/utils.py: Apache (v2.0)
  barbican/common/exception.py: Apache (v2.0)
  barbican/common/config.py: Apache (v2.0)
  barbican/common/resources.py: Apache (v2.0)
  barbican/common/quota.py: Apache (v2.0)
  barbican/common/utils.py: Apache (v2.0)
  barbican/common/__init__.py: Apache (v2.0)
  barbican/api/app.py: Apache (v2.0)
  barbican/api/middleware/context.py: Apache (v2.0)
  barbican/api/middleware/simple.py: Apache (v2.0)
  barbican/api/middleware/__init__.py: Apache (v2.0)
  barbican/api/__init__.py: Apache (v2.0)
  barbican/api/controllers/transportkeys.py: Apache (v2.0)
  barbican/api/controllers/quotas.py: Apache (v2.0)
  barbican/api/controllers/cas.py: Apache (v2.0)
  barbican/api/hooks.py: Apache (v2.0)
  barbican/__init__.py: Apache (v2.0)
  barbican/version.py: Apache (v2.0)
  bin/versionbuild.py: Apache (v2.0)
  doc/source/conf.py: Apache (v2.0)
  functionaltests/common/config.py: Apache (v2.0)
  functionaltests/common/client.py: Apache (v2.0)
  functionaltests/common/auth.py: Apache (v2.0)
  functionaltests/api/v1/models/secret_models.py: Apache (v2.0)
  functionaltests/api/v1/models/ca_models.py: Apache (v2.0)
  functionaltests/api/v1/models/order_models.py: Apache (v2.0)
  functionaltests/api/v1/models/consumer_model.py: Apache (v2.0)
  functionaltests/api/v1/models/quota_models.py: Apache (v2.0)
  functionaltests/api/v1/models/base_models.py: Apache (v2.0)
  functionaltests/api/v1/models/acl_models.py: Apache (v2.0)
  functionaltests/api/v1/models/container_models.py: Apache (v2.0)
  functionaltests/api/v1/functional/test_quotas_rbac.py: Apache (v2.0)
  functionaltests/api/v1/functional/test_secretmeta.py: Apache (v2.0)
  functionaltests/api/v1/functional/test_secrets_rbac.py: Apache (v2.0)
  functionaltests/api/v1/functional/test_acls_rbac.py: Apache (v2.0)
  functionaltests/api/v1/functional/test_consumers.py: Apache (v2.0)
  functionaltests/api/v1/functional/test_rsa.py: Apache (v2.0)
  functionaltests/api/v1/functional/test_acls.py: Apache (v2.0)
  functionaltests/api/v1/functional/test_orders_rbac.py: Apache (v2.0)
  functionaltests/api/v1/functional/test_cas.py: Apache (v2.0)
  functionaltests/api/v1/functional/test_secrets.py: Apache (v2.0)
  functionaltests/api/v1/functional/test_quotas.py: Apache (v2.0)
  functionaltests/api/v1/functional/test_orders.py: Apache (v2.0)
  functionaltests/api/v1/functional/test_certificate_orders.py: Apache (v2.0)
  functionaltests/api/v1/functional/test_containers.py: Apache (v2.0)
  functionaltests/api/v1/functional/test_quotas_enforce.py: Apache (v2.0)
  functionaltests/api/v1/functional/test_containers_rbac.py: Apache (v2.0)
  functionaltests/api/v1/smoke/test_consumers.py: Apache (v2.0)
  functionaltests/api/v1/smoke/test_versions.py: Apache (v2.0)
  functionaltests/api/v1/smoke/test_secrets.py: Apache (v2.0)
  functionaltests/api/v1/smoke/test_orders.py: Apache (v2.0)
  functionaltests/api/v1/smoke/test_containers.py: Apache (v2.0)
  functionaltests/api/v1/behaviors/acl_behaviors.py: Apache (v2.0)
  functionaltests/api/v1/behaviors/base_behaviors.py: Apache (v2.0)
  functionaltests/api/v1/behaviors/quota_behaviors.py: Apache (v2.0)
  functionaltests/api/v1/behaviors/secretmeta_behaviors.py: Apache (v2.0)
  functionaltests/api/v1/behaviors/secret_behaviors.py: Apache (v2.0)
  functionaltests/api/v1/behaviors/order_behaviors.py: Apache (v2.0)
  functionaltests/api/v1/behaviors/ca_behaviors.py: Apache (v2.0)
  functionaltests/api/v1/behaviors/container_behaviors.py: Apache (v2.0)
  functionaltests/api/v1/behaviors/consumer_behaviors.py: Apache (v2.0)
  functionaltests/api/base.py: Apache (v2.0)
  releasenotes/source/conf.py: Apache (v2.0) GENERATED FILE
  setup.py: Apache (v2.0) GENERATED FILE

Output of suspicious-source:    pass (empty)
Check bashisms in '.':          pass (skipped ./configure and ./config.guess)
chmod/chown in debian/:         WARNING:
debian/barbican-common.postinst:    chmod 0750 /var/log/barbican
debian/barbican-common.postinst:    chown -R barbican:adm /var/log/barbican
debian/barbican-common.postinst:    chown -R barbican:barbican /var/lib/barbican /etc/barbican
debian/barbican-common.postinst:    chown barbican:barbican /var/lib/barbican

bash network redirections:      pass
/bin/sh as shell in debian/:    pass
Upstream source:                https://github.com/openstack/barbican
Source build:                    dpkg-buildpackage -rfakeroot -d -us -uc -S
dpkg-buildpackage: source package barbican
dpkg-buildpackage: source version 1:2.0.0-0ubuntu1
dpkg-buildpackage: source distribution xenial
dpkg-buildpackage: source changed by Corey Bryant <corey.bryant@canonical.com>
 dpkg-source --before-build source_build
 fakeroot debian/rules clean
pyversions: missing X(S)-Python-Version in control file, fall back to debian/pyversions
pyversions: missing debian/pyversions file, fall back to supported versions
debian/rules:5: /usr/share/openstack-pkg-tools/pkgos.make: No such file or directory
dh /usr/share/openstack-pkg-tools/pkgos.make --buildsystem=python_distutils --with apache2,python2,systemd,sphinxdoc
dh: unable to load addon apache2: Can't locate Debian/Debhelper/Sequence/apache2.pm in @INC (you may need to install the Debian::Debhelper::Sequence::apache2 module) (@INC contains: /etc/perl /usr/local/lib/perl/5.18.2 /usr/local/share/perl/5.18.2 /usr/lib/perl5 /usr/share/perl5 /usr/lib/perl/5.18 /usr/share/perl/5.18 /usr/local/lib/site_perl .) at (eval 13) line 2.
BEGIN failed--compilation aborted at (eval 13) line 2.

make: *** [/usr/share/openstack-pkg-tools/pkgos.make] Error 2
dpkg-buildpackage: error: fakeroot debian/rules clean gave error exit status 2
debuild: fatal error at line 1364:
dpkg-buildpackage -rfakeroot -d -us -uc -S failed
FAIL

Statistics:
 Size (unpacked): 5M
 Number files: 403
 Number directories: 79
 Number symlinks: 0
 Estimated lines of source: 63886
Check existing binaries (may take a while): 
 found existing: python-barbican xenial/universe
 found existing: barbican-common xenial/universe
 found existing: barbican-api xenial/universe
 found existing: barbican-worker xenial/universe
 found existing: barbican-keystone-listener xenial/universe
 found existing: barbican-doc xenial/universe
 Total: 6 (new=0, existing=6)
------
FAILED
