INFO: -N -a -A -D vivid -P -B -T vivid python-pysaml2_2.2.0-0ubuntu2.dsc
Using the following defaults:
name: Ubuntu Archive
email: archive@ubuntu.com
Checking: python-pysaml2_2.2.0-0ubuntu2.dsc
Mode: archive

Retrieving madison output:      pass
Distribution:                   pass
Pocket:                         pass
Maintainer:                     SKIP (archive)
Changed-By:                     SKIP (archive)
Source has orig.tar.gz:         pass
Recent date:                    SKIP (archive)
Output of diffstat:             SKIP (could not find debdiff or diff.*)
Vcs files in diffstat:          No such file or directory
pass
Vcs files in patch files:       SKIP: could not find 'python-pysaml2_2.2.0-0ubuntu2.debdiff'
Version:                        SKIP (initial release?)
Newest version:                 FAIL
 Current: 2.2.0-0ubuntu2
 Found:   2.2.0-0ubuntu2
Diff chaff:                     FAIL:
./tests/servera_conf.py~
./example/idp2/idp_conf.py~
./example/idp2_repoze/idp_conf.py~

Merged changelog:               pass
Changelog autocloses LP bugs:   pass
Patch system:                   SKIP: (diff not specified)
Patch tagging:                  SKIP: (diff not specified)
Check bashisms in 'debian':     pass
Reverse Debdiff:                SKIP: could not find 'python-pysaml2_2.2.0-0ubuntu2.debdiff'
Bad files:                      pass
Vcs files in source:            INFO: found VCS files, please verify:
./example/.gitignore

Ubuntu archive:
  python-pysaml2 | 2.2.0-0ubuntu2 | vivid/universe | source, all
Debian archive:
 Not found in Debian testing, unstable or experimental

Has debian/watch:               pass
Output of lintian:              
 E: python-pysaml2 source: source-is-missing example/sp-repoze/sp_conf.pyc

Output of licensecheck:         
 Unique licenses:
  GENERATED FILE
  UNKNOWN

 Full output:
  doc/conf.py: GENERATED FILE
  doc/code/conf.py: GENERATED FILE
  tests/test_34_population.py: UNKNOWN
  tests/test_32_cache.py: UNKNOWN

Output of suspicious-source:    
 ./tests/idp_soap_conf.pyc:                             python 2.7 byte-compiled
 ./tests/test_44_authnresp.pyc:                         python 2.7 byte-compiled
 ./tests/test_72_eptid.pyc:                             python 2.7 byte-compiled
 ./tests/md_data.pyc:                                   python 2.7 byte-compiled
 ./tests/test_51_client.pyc:                            python 2.7 byte-compiled
 ./tests/serverb_conf.pyc:                              python 2.7 byte-compiled
 ./tests/test_05_md.pyc:                                python 2.7 byte-compiled
 ./tests/test_87_indexed_endpoints.pyc:                 python 2.7 byte-compiled
 ./tests/idp_slo_redirect_conf.pyc:                     python 2.7 byte-compiled
 ./tests/identity_cache:                                Berkeley DB (Hash, version 9, native byte-order)
 ./tests/test_03_saml2.pyc:                             python 2.7 byte-compiled
 ./tests/conftest.pyc:                                  python 2.7 byte-compiled
 ./tests/idp_sp_conf.pyc:                               python 2.7 byte-compiled
 ./tests/test_22_mdie.pyc:                              python 2.7 byte-compiled
 ./tests/eduid.pyc:                                     python 2.7 byte-compiled
 ./tests/server_conf_syslog.pyc:                        python 2.7 byte-compiled
 ./tests/test_04_samlp.pyc:                             python 2.7 byte-compiled
 ./tests/subject_data.db:                               Berkeley DB (Hash, version 9, native byte-order)
 ./tests/test_43_soap.pyc:                              python 2.7 byte-compiled
 ./tests/xbox_test.pyc:                                 python 2.7 byte-compiled
 ./tests/test_67_manage_name_id.pyc:                    python 2.7 byte-compiled
 ./tests/server2_conf.pyc:                              python 2.7 byte-compiled
 ./tests/eptid.db:                                      Berkeley DB (Hash, version 9, native byte-order)
 ./tests/test_10_time_util.pyc:                         python 2.7 byte-compiled
 ./tests/test_41_response.pyc:                          python 2.7 byte-compiled
 ./tests/test_13_validate.pyc:                          python 2.7 byte-compiled
 ./tests/sp_1_conf.pyc:                                 python 2.7 byte-compiled
 ./tests/test_66_name_id_mapping.pyc:                   python 2.7 byte-compiled
 ./tests/test_69_discovery.pyc:                         python 2.7 byte-compiled
 ./tests/server_conf.pyc:                               python 2.7 byte-compiled
 ./tests/sp_2_conf.pyc:                                 python 2.7 byte-compiled
 ./tests/test_31_config.pyc:                            python 2.7 byte-compiled
 ./tests/test_63_ecp.pyc:                               python 2.7 byte-compiled
 ./tests/test_32_cache.pyc:                             python 2.7 byte-compiled
 ./tests/test_75_mongodb.pyc:                           python 2.7 byte-compiled
 ./tests/test_86_make_metadata.pyc:                     python 2.7 byte-compiled
 ./tests/ds_data.pyc:                                   python 2.7 byte-compiled
 ./tests/test_34_population.pyc:                        python 2.7 byte-compiled
 ./tests/disco_conf.pyc:                                python 2.7 byte-compiled
 ./tests/server_conf_lingon.pyc:                        python 2.7 byte-compiled
 ./tests/sp_multi_index_endp_conf.pyc:                  python 2.7 byte-compiled
 ./tests/restrictive_idp_conf.pyc:                      python 2.7 byte-compiled
 ./tests/test_42_enc.pyc:                               python 2.7 byte-compiled
 ./tests/test_64_artifact.pyc:                          python 2.7 byte-compiled
 ./tests/test_84_entcat.pyc:                            python 2.7 byte-compiled
 ./tests/test_68_assertion_id.pyc:                      python 2.7 byte-compiled
 ./tests/fakeIDP.pyc:                                   python 2.7 byte-compiled
 ./tests/test_81_certificates.pyc:                      python 2.7 byte-compiled
 ./tests/test_12_s_utils.pyc:                           python 2.7 byte-compiled
 ./tests/test_30_mdstore.pyc:                           python 2.7 byte-compiled
 ./tests/idp_all_conf.pyc:                              python 2.7 byte-compiled
 ./tests/test_30_metadata.pyc:                          python 2.7 byte-compiled
 ./tests/test_50_server.pyc:                            python 2.7 byte-compiled
 ./tests/idp_conf_utf8.pyc:                             python 2.7 byte-compiled
 ./tests/test_19_attribute_converter.pyc:               python 2.7 byte-compiled
 ./tests/test_01_xmlenc.pyc:                            python 2.7 byte-compiled
 ./tests/sp_mdext_conf.pyc:                             python 2.7 byte-compiled
 ./tests/test_83_md_extensions.pyc:                     python 2.7 byte-compiled
 ./tests/test_70_redirect_signing.pyc:                  python 2.7 byte-compiled
 ./tests/server3_conf.pyc:                              python 2.7 byte-compiled
 ./tests/sp_slo_redirect_conf.pyc:                      python 2.7 byte-compiled
 ./tests/test_37_entity_categories.pyc:                 python 2.7 byte-compiled
 ./tests/test_61_sp_logout.pyc:                         python 2.7 byte-compiled
 ./tests/test_02_saml.pyc:                              python 2.7 byte-compiled
 ./tests/idp_conf_mdb.pyc:                              python 2.7 byte-compiled
 ./tests/test_76_metadata_in_mdb.pyc:                   python 2.7 byte-compiled
 ./tests/pathutils.pyc:                                 python 2.7 byte-compiled
 ./tests/idp_conf.pyc:                                  python 2.7 byte-compiled
 ./tests/idp_mini.pyc:                                  python 2.7 byte-compiled
 ./tests/test_36_mdbcache.pyc:                          python 2.7 byte-compiled
 ./tests/idp_conf_ec.pyc:                               python 2.7 byte-compiled
 ./tests/test_62_vo.pyc:                                python 2.7 byte-compiled
 ./tests/test_40_sigver.pyc:                            python 2.7 byte-compiled
 ./tests/test_33_identifier.pyc:                        python 2.7 byte-compiled
 ./tests/saml2_data.pyc:                                python 2.7 byte-compiled
 ./tests/samlp_data.pyc:                                python 2.7 byte-compiled
 ./tests/test_82_pefim.pyc:                             python 2.7 byte-compiled
 ./tests/test_85_required_attr.pyc:                     python 2.7 byte-compiled
 ./tests/attribute_statement_data.pyc:                  python 2.7 byte-compiled
 ./tests/servera_conf.pyc:                              python 2.7 byte-compiled
 ./tests/subject.db:                                    Berkeley DB (Hash, version 9, native byte-order)
 ./tests/test_00_xmldsig.pyc:                           python 2.7 byte-compiled
 ./tests/test_20_assertion.pyc:                         python 2.7 byte-compiled
 ./tests/test_65_authn_query.pyc:                       python 2.7 byte-compiled
 ./tests/test_prepare_for_authenticate.pyc:             python 2.7 byte-compiled
 ./tests/test_60_sp.pyc:                                python 2.7 byte-compiled
 ./tests/foo:                                           Berkeley DB (Hash, version 9, native byte-order)
 ./tests/kristof_test.pyc:                              python 2.7 byte-compiled
 ./tests/sp_3_tup_conf.pyc:                             python 2.7 byte-compiled
 ./tests/test_77_authn_context.pyc:                     python 2.7 byte-compiled
 ./tests/ry4an.tgz:                                     gzip compressed data, from Unix, last modified: Fri Apr 11 18:09:06 2014
 ./tests/attributemaps/shibboleth_uri.pyc:              python 2.7 byte-compiled
 ./tests/attributemaps/basic.pyc:                       python 2.7 byte-compiled
 ./tests/attributemaps/saml_uri.pyc:                    python 2.7 byte-compiled
 ./tests/__pycache__/conftest.cpython-33.pyc:           python 3.3 byte-compiled
 ./tests/__pycache__/test_42_enc.cpython-33-PYTEST.pyc: python 3.3 byte-compiled
 ./example/.DS_Store:                                   Apple Desktop Services Store
 ./example/sp-wsgi/service_conf.pyc:                    python 2.7 byte-compiled
 ./example/sp-wsgi/conf.pyc:                            python 2.7 byte-compiled
 ./example/sp-wsgi/sp_conf.pyc:                         python 2.7 byte-compiled
 ./example/idp2/idp.subject:                            Berkeley DB (Hash, version 9, native byte-order)
 ./example/idp2/idp_conf_saml2test.pyc:                 python 2.7 byte-compiled
 ./example/idp2/idp.pyc:                                python 2.7 byte-compiled
 ./example/idp2/idp_user.pyc:                           python 2.7 byte-compiled
 ./example/idp2/idp_conf.pyc:                           python 2.7 byte-compiled
 ./example/idp2/modules/login.mako.pyc:                 python 2.7 byte-compiled
 ./example/idp2/modules/root.mako.pyc:                  python 2.7 byte-compiled
 ./example/sp-repoze/outstanding:                       Berkeley DB (Hash, version 9, native byte-order)
 ./example/sp-repoze/sp_conf.pyc:                       python 2.7 byte-compiled
 ./example/sp-repoze/attributemaps/shibboleth_uri.pyc:  python 2.7 byte-compiled
 ./example/sp-repoze/attributemaps/basic.pyc:           python 2.7 byte-compiled
 ./example/sp-repoze/attributemaps/saml_uri.pyc:        python 2.7 byte-compiled
 ./example/attributemaps/shibboleth_uri.pyc:            python 2.7 byte-compiled
 ./example/attributemaps/basic.pyc:                     python 2.7 byte-compiled
 ./example/attributemaps/saml_uri.pyc:                  python 2.7 byte-compiled
 ./example/attributemaps/adfs_v1x.pyc:                  python 2.7 byte-compiled
 ./example/attributemaps/adfs_v20.pyc:                  python 2.7 byte-compiled
 ./example/idp2_repoze/idp.subject:                     Berkeley DB (Hash, version 9, native byte-order)
 ./example/idp2_repoze/idp.pyc:                         python 2.7 byte-compiled
 ./example/idp2_repoze/idp_user.pyc:                    python 2.7 byte-compiled
 ./example/idp2_repoze/modules/login.mako.pyc:          python 2.7 byte-compiled
 ./example/idp2_repoze/modules/root.mako.pyc:           python 2.7 byte-compiled

Check bashisms in '.':          pass (skipped ./configure and ./config.guess)
chmod/chown in debian/:         pass
bash network redirections:      pass
/bin/sh as shell in debian/:    pass
Upstream source:                https://github.com/rohe/pysaml2
Source build:                    dpkg-buildpackage -rfakeroot -d -us -uc -S
dpkg-buildpackage: source package python-pysaml2
dpkg-buildpackage: source version 2.2.0-0ubuntu2
dpkg-buildpackage: source distribution vivid
dpkg-buildpackage: source changed by James Page <james.page@ubuntu.com>
 dpkg-source --before-build source_build
dpkg-source: info: using options from source_build/debian/source/options: --extend-diff-ignore=^[^/]*[.]egg-info/
 fakeroot debian/rules clean
dh /usr/share/openstack-pkg-tools/pkgos.make --buildsystem=python_distutils --with python2,sphinxdoc
dh: unable to load addon sphinxdoc: Can't locate Debian/Debhelper/Sequence/sphinxdoc.pm in @INC (you may need to install the Debian::Debhelper::Sequence::sphinxdoc module) (@INC contains: /etc/perl /usr/local/lib/perl/5.18.2 /usr/local/share/perl/5.18.2 /usr/lib/perl5 /usr/share/perl5 /usr/lib/perl/5.18 /usr/share/perl/5.18 /usr/local/lib/site_perl .) at (eval 14) line 2.
BEGIN failed--compilation aborted at (eval 14) line 2.

dh clean --buildsystem=python_distutils --with python2,sphinxdoc
dh: unable to load addon sphinxdoc: Can't locate Debian/Debhelper/Sequence/sphinxdoc.pm in @INC (you may need to install the Debian::Debhelper::Sequence::sphinxdoc module) (@INC contains: /etc/perl /usr/local/lib/perl/5.18.2 /usr/local/share/perl/5.18.2 /usr/lib/perl5 /usr/share/perl5 /usr/lib/perl/5.18 /usr/share/perl/5.18 /usr/local/lib/site_perl .) at (eval 14) line 2.
BEGIN failed--compilation aborted at (eval 14) line 2.

make: *** [clean] Error 2
dpkg-buildpackage: error: fakeroot debian/rules clean gave error exit status 2
debuild: fatal error at line 1364:
dpkg-buildpackage -rfakeroot -d -us -uc -S failed
FAIL

Statistics:
 Size (unpacked): 83M
 Number files: 576
 Number directories: 65
 Number symlinks: 0
 Estimated lines of source: 77532
Check existing binaries (may take a while): 
 found existing: python-pysaml2 vivid/universe
 found existing: python-pysaml2-doc vivid/universe
 Total: 2 (new=0, existing=2)
------
FAILED
